mode: set
github.com/yunhou/users/tests/e2e/testhelpers.go:57.111,59.2 1 1
github.com/yunhou/users/tests/e2e/testhelpers.go:75.39,79.16 4 1
github.com/yunhou/users/tests/e2e/testhelpers.go:79.16,81.3 1 0
github.com/yunhou/users/tests/e2e/testhelpers.go:82.2,85.11 4 1
github.com/yunhou/users/tests/e2e/testhelpers.go:88.43,104.29 3 1
github.com/yunhou/users/tests/e2e/testhelpers.go:104.29,105.72 1 1
github.com/yunhou/users/tests/e2e/testhelpers.go:105.72,107.4 1 0
github.com/yunhou/users/tests/e2e/testhelpers.go:111.46,118.54 2 1
github.com/yunhou/users/tests/e2e/testhelpers.go:118.54,120.3 1 0
github.com/yunhou/users/tests/e2e/testhelpers.go:122.2,132.26 2 1
github.com/yunhou/users/tests/e2e/testhelpers.go:132.26,143.17 2 1
github.com/yunhou/users/tests/e2e/testhelpers.go:143.17,145.4 1 0
github.com/yunhou/users/tests/e2e/testhelpers.go:152.2,153.16 2 1
github.com/yunhou/users/tests/e2e/testhelpers.go:153.16,155.3 1 0
github.com/yunhou/users/tests/e2e/testhelpers.go:156.2,161.16 2 1
github.com/yunhou/users/tests/e2e/testhelpers.go:161.16,163.3 1 0
github.com/yunhou/users/tests/e2e/testhelpers.go:165.2,170.16 2 1
github.com/yunhou/users/tests/e2e/testhelpers.go:170.16,172.3 1 0
github.com/yunhou/users/tests/e2e/testhelpers.go:175.77,181.61 2 1
github.com/yunhou/users/tests/e2e/testhelpers.go:181.61,183.3 1 0
github.com/yunhou/users/tests/e2e/testhelpers.go:185.2,186.19 2 1
github.com/yunhou/users/tests/e2e/testhelpers.go:186.19,186.33 1 1
github.com/yunhou/users/tests/e2e/testhelpers.go:187.2,224.16 20 1
github.com/yunhou/users/tests/e2e/testhelpers.go:224.16,226.3 1 0
github.com/yunhou/users/tests/e2e/testhelpers.go:228.2,262.24 14 1
github.com/yunhou/users/tests/e2e/testhelpers.go:265.57,269.91 3 1
github.com/yunhou/users/tests/e2e/testhelpers.go:269.91,270.44 1 1
github.com/yunhou/users/tests/e2e/testhelpers.go:270.44,275.4 4 1
github.com/yunhou/users/tests/e2e/testhelpers.go:276.3,277.82 2 1
github.com/yunhou/users/tests/e2e/testhelpers.go:280.2,280.71 1 1
github.com/yunhou/users/tests/e2e/testhelpers.go:280.71,284.3 2 1
github.com/yunhou/users/tests/e2e/testhelpers.go:286.2,286.78 1 1
github.com/yunhou/users/tests/e2e/testhelpers.go:286.78,289.3 2 1
github.com/yunhou/users/tests/e2e/testhelpers.go:291.2,293.12 3 1
github.com/yunhou/users/tests/e2e/testhelpers.go:296.57,300.22 2 1
github.com/yunhou/users/tests/e2e/testhelpers.go:300.22,302.3 1 0
github.com/yunhou/users/tests/e2e/testhelpers.go:313.118,316.16 3 1
github.com/yunhou/users/tests/e2e/testhelpers.go:316.16,318.3 1 1
github.com/yunhou/users/tests/e2e/testhelpers.go:319.2,320.16 2 1
github.com/yunhou/users/tests/e2e/testhelpers.go:320.16,322.3 1 1
github.com/yunhou/users/tests/e2e/testhelpers.go:323.2,323.28 1 1
github.com/yunhou/users/tests/e2e/testhelpers.go:323.28,325.3 1 1
github.com/yunhou/users/tests/e2e/testhelpers.go:326.2,328.85 3 1
github.com/yunhou/users/tests/e2e/testhelpers.go:331.50,333.50 2 1
github.com/yunhou/users/tests/e2e/testhelpers.go:333.50,335.3 1 0
github.com/yunhou/users/tests/e2e/testhelpers.go:338.60,341.16 3 1
github.com/yunhou/users/tests/e2e/testhelpers.go:341.16,343.3 1 0
github.com/yunhou/users/tests/e2e/testhelpers.go:344.2,344.27 1 1
github.com/yunhou/users/tests/e2e/testhelpers.go:347.41,348.34 1 1
github.com/yunhou/users/tests/e2e/testhelpers.go:348.34,350.3 1 1
github.com/yunhou/users/tests/e2e/testhelpers.go:351.2,351.17 1 1
github.com/yunhou/users/tests/e2e/testhelpers.go:371.58,377.61 2 1
github.com/yunhou/users/tests/e2e/testhelpers.go:377.61,379.3 1 0
github.com/yunhou/users/tests/e2e/testhelpers.go:386.2,389.19 3 1
github.com/yunhou/users/tests/e2e/testhelpers.go:389.19,389.33 1 1
github.com/yunhou/users/tests/e2e/testhelpers.go:390.2,426.16 20 1
github.com/yunhou/users/tests/e2e/testhelpers.go:426.16,428.3 1 0
github.com/yunhou/users/tests/e2e/testhelpers.go:429.2,499.3 23 1
github.com/yunhou/users/tests/e2e/testhelpers.go:507.66,510.16 3 1
github.com/yunhou/users/tests/e2e/testhelpers.go:510.16,512.3 1 0
github.com/yunhou/users/tests/e2e/testhelpers.go:513.2,514.16 2 1
github.com/yunhou/users/tests/e2e/testhelpers.go:514.16,516.3 1 0
github.com/yunhou/users/tests/e2e/testhelpers.go:517.2,518.23 2 1
github.com/yunhou/users/tests/e2e/testhelpers.go:521.74,524.16 3 1
github.com/yunhou/users/tests/e2e/testhelpers.go:524.16,526.3 1 0
github.com/yunhou/users/tests/e2e/testhelpers.go:527.2,527.12 1 1
github.com/yunhou/users/tests/e2e/testhelpers.go:538.95,543.38 5 1
github.com/yunhou/users/tests/e2e/testhelpers.go:543.38,545.3 1 0
github.com/yunhou/users/tests/e2e/testhelpers.go:546.2,555.45 3 1
github.com/yunhou/users/tests/e2e/testhelpers.go:561.105,565.38 4 1
github.com/yunhou/users/tests/e2e/testhelpers.go:565.38,567.3 1 0
github.com/yunhou/users/tests/e2e/testhelpers.go:568.2,575.50 3 1
github.com/yunhou/users/tests/e2e/testhelpers.go:578.49,580.2 1 1
github.com/yunhou/users/tests/e2e/testhelpers.go:585.53,590.2 1 1
github.com/yunhou/users/tests/e2e/testhelpers.go:595.62,600.2 4 1
github.com/yunhou/users/tests/e2e/testhelpers.go:604.48,608.2 3 0
github.com/yunhou/users/tests/e2e/testhelpers.go:611.99,616.2 4 1
github.com/yunhou/users/tests/e2e/testhelpers.go:621.64,624.20 3 1
github.com/yunhou/users/tests/e2e/testhelpers.go:624.20,626.3 1 0
github.com/yunhou/users/tests/e2e/testhelpers.go:627.2,631.24 3 1
github.com/yunhou/users/tests/e2e/testhelpers.go:631.24,632.38 1 1
github.com/yunhou/users/tests/e2e/testhelpers.go:632.38,633.12 1 0
github.com/yunhou/users/tests/e2e/testhelpers.go:635.3,635.25 1 1
github.com/yunhou/users/tests/e2e/testhelpers.go:637.2,639.25 3 1
github.com/yunhou/users/tests/e2e/testhelpers.go:639.25,641.3 1 1
github.com/yunhou/users/tests/e2e/testhelpers.go:642.2,646.16 4 1
github.com/yunhou/users/tests/e2e/testhelpers.go:646.16,648.3 1 0
github.com/yunhou/users/tests/e2e/testhelpers.go:649.2,654.27 3 1
github.com/yunhou/users/tests/e2e/testhelpers.go:654.27,656.3 1 1
github.com/yunhou/users/tests/e2e/testhelpers.go:657.2,663.24 4 1
github.com/yunhou/users/tests/e2e/testhelpers.go:663.24,665.3 1 1
github.com/yunhou/users/tests/e2e/testhelpers.go:666.2,668.29 3 1
github.com/yunhou/users/tests/e2e/testhelpers.go:668.29,670.3 1 1
github.com/yunhou/users/tests/e2e/testhelpers.go:671.2,671.31 1 1
github.com/yunhou/users/tests/e2e/testhelpers.go:675.30,677.2 1 1
github.com/yunhou/users/tests/e2e/testhelpers.go:687.46,690.30 3 1
github.com/yunhou/users/tests/e2e/testhelpers.go:690.30,692.10 2 1
github.com/yunhou/users/tests/e2e/testhelpers.go:693.83,694.19 1 1
github.com/yunhou/users/tests/e2e/testhelpers.go:695.11,698.33 3 1
github.com/yunhou/users/tests/e2e/testhelpers.go:701.2,701.20 1 1
github.com/yunhou/users/tests/e2e/testhelpers.go:703.105,709.16 5 1
github.com/yunhou/users/tests/e2e/testhelpers.go:709.16,711.3 1 0
github.com/yunhou/users/tests/e2e/testhelpers.go:712.2,713.16 2 1
github.com/yunhou/users/tests/e2e/testhelpers.go:713.16,715.3 1 0
github.com/yunhou/users/tests/e2e/testhelpers.go:716.2,717.69 2 1
github.com/yunhou/users/tests/e2e/testhelpers.go:728.63,730.90 2 1
github.com/yunhou/users/tests/e2e/testhelpers.go:730.90,738.3 5 1
github.com/yunhou/users/tests/e2e/testhelpers.go:739.2,740.12 2 1
github.com/yunhou/users/tests/e2e/testhelpers.go:746.70,754.2 1 1
github.com/yunhou/users/tests/e2e/testhelpers.go:758.92,768.2 1 1
github.com/yunhou/users/tests/e2e/testhelpers.go:771.108,783.2 1 1
